0:0       GLW started.
0:0       Timer created.
0:0       ISL initialised.
0:125     VSync on.
0:141     Texture Manager created.
0:141     Vertex Program Manager created.
0:156     GLContext initialized.
0:156     Camera created.
0:156     Particle Manager created.
0:172     Skybox created.
4:688     Texture "SkyBox\skybox2.bmp" loaded.
4:688     Skybox "skybox2"loaded.
4:703     Particle System 0 created.
4:703     Particle System 1 created.
4:703     Particle System 2 created.
4:703     Particle System 3 created.
4:938     Texture "PSystems\particle.tga" loaded.
4:953     Texture "PSystems\particle.tga" loaded.
4:969     Texture "PSystems\particle.tga" loaded.
4:985     Texture "PSystems\particle.tga" loaded.
5:156     Particle System 0 destroyed.
5:156     Texture "PSystems\particle.tga" unloaded.
5:156     Particle System 1 destroyed.
5:172     Texture "PSystems\particle.tga" unloaded.
5:172     Particle System 2 destroyed.
5:172     Texture "PSystems\particle.tga" unloaded.
5:172     Particle System 3 destroyed.
5:188     Texture "PSystems\particle.tga" unloaded.
5:188     Texture "SkyBox\skybox2.bmp" unloaded.
5:203     Texture "SkyBox\skybox2.bmp" loaded.
5:203     Skybox "skybox2"loaded.
5:203     Particle System 0 created.
5:203     Particle System 1 created.
5:219     Particle System 2 created.
5:219     Particle System 3 created.
5:235     Texture "PSystems\particle.tga" loaded.
5:250     Texture "PSystems\particle.tga" loaded.
5:250     Texture "PSystems\particle.tga" loaded.
5:266     Texture "PSystems\particle.tga" loaded.
12:313    Particle System 0 destroyed.
12:313    Texture "PSystems\particle.tga" unloaded.
12:328    Particle System 1 destroyed.
12:328    Texture "PSystems\particle.tga" unloaded.
12:328    Particle System 2 destroyed.
12:328    Texture "PSystems\particle.tga" unloaded.
12:344    Particle System 3 destroyed.
12:344    Texture "PSystems\particle.tga" unloaded.
12:344    Texture "SkyBox\skybox2.bmp" unloaded.
12:360    Texture "SkyBox\skybox5.bmp" loaded.
12:375    Skybox "skybox5"loaded.
12:375    Particle System 0 created.
12:391    Particle System 1 created.
12:391    Particle System 2 created.
12:391    Texture "PSystems\particle.tga" loaded.
12:406    Texture "PSystems\particle.tga" loaded.
12:422    Texture "PSystems\particle.tga" loaded.
13:219    Particle System 0 destroyed.
13:235    Texture "PSystems\particle.tga" unloaded.
13:235    Particle System 1 destroyed.
13:235    Texture "PSystems\particle.tga" unloaded.
13:250    Particle System 2 destroyed.
13:250    Texture "PSystems\particle.tga" unloaded.
13:250    Texture "SkyBox\skybox5.bmp" unloaded.
13:266    Texture "SkyBox\skybox5.bmp" loaded.
13:266    Skybox "skybox5"loaded.
13:266    Particle System 0 created.
13:281    Particle System 1 created.
13:281    Particle System 2 created.
13:297    Texture "PSystems\particle.tga" loaded.
13:297    Texture "PSystems\particle.tga" loaded.
13:313    Texture "PSystems\particle.tga" loaded.
35:16     Particle System 0 destroyed.
35:31     Texture "PSystems\particle.tga" unloaded.
35:31     Particle System 1 destroyed.
35:31     Texture "PSystems\particle.tga" unloaded.
35:47     Particle System 2 destroyed.
35:47     Texture "PSystems\particle.tga" unloaded.
35:47     Texture "SkyBox\skybox5.bmp" unloaded.
35:63     Texture "SkyBox\skybox5.bmp" loaded.
35:63     Skybox "skybox5"loaded.
35:78     Particle System 0 created.
35:78     Particle System 1 created.
35:78     Particle System 2 created.
35:78     Particle System 3 created.
35:94     Particle System 4 created.
35:94     Texture "PSystems\particle.tga" loaded.
35:110    Texture "PSystems\particle.tga" loaded.
35:125    Texture "PSystems\particle.tga" loaded.
35:141    Texture "PSystems\particle.tga" loaded.
35:141    Texture "PSystems\particle.tga" loaded.
36:266    Particle System 0 destroyed.
36:266    Texture "PSystems\particle.tga" unloaded.
36:266    Particle System 1 destroyed.
36:281    Texture "PSystems\particle.tga" unloaded.
36:281    Particle System 2 destroyed.
36:281    Texture "PSystems\particle.tga" unloaded.
36:281    Particle System 3 destroyed.
36:297    Texture "PSystems\particle.tga" unloaded.
36:297    Particle System 4 destroyed.
36:297    Texture "PSystems\particle.tga" unloaded.
36:313    Texture "SkyBox\skybox5.bmp" unloaded.
36:313    Texture "SkyBox\skybox5.bmp" loaded.
36:328    Skybox "skybox5"loaded.
36:328    Particle System 0 created.
36:328    Particle System 1 created.
36:328    Particle System 2 created.
36:344    Particle System 3 created.
36:344    Particle System 4 created.
36:360    Texture "PSystems\particle.tga" loaded.
36:360    Texture "PSystems\particle.tga" loaded.
36:375    Texture "PSystems\particle.tga" loaded.
36:391    Texture "PSystems\particle.tga" loaded.
36:391    Texture "PSystems\particle.tga" loaded.
155:875   GLW closed.
